Starting Dynare (version 6.0).
Calling Dynare with arguments: none
Starting preprocessing of the model file ... 
Found 362 equation(s). 
Evaluating expressions... 
Computing static model derivatives (order 1). 
Normalizing the static model... 
Normalization failed with cutoff, trying symbolic normalization... 
Finding the optimal block decomposition of the static model... 
5 block(s) found: 
  4 recursive block(s) and 1 simultaneous block(s). 
  the largest simultaneous block has 276 equation(s) 
                                 and 276 feedback variable(s). 
Computing dynamic model derivatives (order 2). 
Normalizing the dynamic model... 
Normalization failed with cutoff, trying symbolic normalization... 
Finding the optimal block decomposition of the dynamic model... 
5 block(s) found: 
  4 recursive block(s) and 1 simultaneous block(s). 
  the largest simultaneous block has 276 equation(s) 
                                 and 150 feedback variable(s). 
Preprocessing completed. 
Preprocessing time: 0h00m01s.

<a href = "matlab: helpview('optim','eq_init_pt','CSHelpWindow');">Equation solved at initial point</a>.

fsolve completed because the vector of function values at the initial point
is near zero as measured by the value of the <a href = "matlab: helpview('optim','fcn_tolerance_fsolve','CSHelpWindow');">function tolerance</a>, and
the <a href = "matlab: helpview('optim','appears_regular','CSHelpWindow');">problem appears regular</a> as measured by the gradient.

<<a href = "matlab: createExitMsg({'optim:fsolve:Exit100basic','fsolve'},{'optim:fsolve:Exit100detailed','2.445929e-08','1.000000e-06','3.945812e-17','2.460783e-03'},true,true);;">stopping criteria details</a>>

STEADY-STATE RESULTS:

n1          		 1
n2          		 1.00692
n3          		 1.01384
n4          		 1.02075
n5          		 1.02766
n6          		 1.03457
n7          		 1.04149
n8          		 1.0484
n9          		 1.0553
n10         		 1.06219
n11         		 1.06907
n12         		 1.07593
n13         		 1.08279
n14         		 1.08961
n15         		 1.09641
n16         		 1.10316
n17         		 1.10989
n18         		 1.11657
n19         		 1.12319
n20         		 1.1297
n21         		 1.13606
n22         		 1.14224
n23         		 1.14822
n24         		 1.15398
n25         		 1.1595
n26         		 1.16469
n27         		 1.16952
n28         		 1.17394
n29         		 1.17793
n30         		 1.18142
n31         		 1.18436
n32         		 1.18672
n33         		 1.18849
n34         		 1.18965
n35         		 1.19019
n36         		 1.19006
n37         		 1.18927
n38         		 1.1877
n39         		 1.18535
n40         		 1.18217
n41         		 1.17815
n42         		 1.17338
n43         		 1.16772
n44         		 1.16111
n45         		 1.15338
n46         		 1.14428
n47         		 1.13368
n48         		 1.12129
n49         		 1.10715
n50         		 1.09096
n51         		 1.0726
n52         		 1.05201
n53         		 1.0291
n54         		 1.00375
n55         		 0.975828
n56         		 0.944929
n57         		 0.910993
n58         		 0.873857
n59         		 0.833646
n60         		 0.790146
n61         		 0.743207
n62         		 0.692688
n63         		 0.638746
n64         		 0.58181
n65         		 0.522932
n66         		 0.463299
n67         		 0.403881
n68         		 0.345437
n69         		 0.289689
n70         		 0.237729
n71         		 0.190561
n72         		 0.14895
n73         		 0.113307
n74         		 0.0837483
c1          		 1.50633
c2          		 1.501
c3          		 1.49568
c4          		 1.49073
c5          		 1.59255
c6          		 1.68844
c7          		 1.78171
c8          		 1.87153
c9          		 1.96035
c10         		 2.05133
c11         		 2.1365
c12         		 2.12894
c13         		 2.1214
c14         		 2.11389
c15         		 2.1064
c16         		 2.09894
c17         		 2.09151
c18         		 2.0841
c19         		 2.07672
c20         		 2.06937
c21         		 2.06204
c22         		 2.05473
c23         		 2.04746
c24         		 2.04021
c25         		 2.03298
c26         		 2.02578
c27         		 2.01861
c28         		 2.01146
c29         		 2.00434
c30         		 1.99724
c31         		 1.99017
c32         		 1.98312
c33         		 1.9761
c34         		 1.9691
c35         		 1.96213
c36         		 1.95518
c37         		 1.94825
c38         		 1.94135
c39         		 1.93448
c40         		 1.92763
c41         		 1.9208
c42         		 1.914
c43         		 1.90722
c44         		 1.90047
c45         		 1.89374
c46         		 1.88703
c47         		 1.88035
c48         		 1.87369
c49         		 1.86705
c50         		 1.86044
c51         		 1.85385
c52         		 1.84729
c53         		 1.84075
c54         		 1.83423
c55         		 1.82773
c56         		 1.82126
c57         		 1.81481
c58         		 1.80838
c59         		 1.80198
c60         		 1.7956
c61         		 1.78924
c62         		 1.7829
c63         		 1.77659
c64         		 1.7703
c65         		 1.76403
c66         		 1.75778
c67         		 1.75156
c68         		 1.74535
c69         		 1.73917
c70         		 1.73301
c71         		 1.72688
c72         		 1.72076
c73         		 1.71467
c74         		 1.7086
a1          		 0
a2          		 -0.459001
a3          		 -0.777682
a4          		 -0.968214
a5          		 -1.04115
a6          		 -1.10914
a7          		 -1.17351
a8          		 -1.23695
a9          		 -1.29737
a10         		 -1.35823
a11         		 -1.42103
a12         		 -1.47713
a13         		 -1.43055
a14         		 -1.2847
a15         		 -1.04503
a16         		 -0.728278
a17         		 -0.353532
a18         		 0.0699612
a19         		 0.530516
a20         		 1.02454
a21         		 1.56094
a22         		 2.14903
a23         		 2.79078
a24         		 3.49351
a25         		 5.19818
a26         		 6.03531
a27         		 6.92248
a28         		 7.85298
a29         		 8.83126
a30         		 9.85846
a31         		 10.9436
a32         		 12.0731
a33         		 13.2313
a34         		 14.3831
a35         		 15.5012
a36         		 16.549
a37         		 17.513
a38         		 18.3736
a39         		 19.1217
a40         		 19.7417
a41         		 20.2259
a42         		 20.5592
a43         		 20.7397
a44         		 19.9578
a45         		 19.1796
a46         		 18.4071
a47         		 17.6435
a48         		 16.89
a49         		 16.1498
a50         		 15.4213
a51         		 14.7077
a52         		 14.0099
a53         		 13.3278
a54         		 12.662
a55         		 12.0131
a56         		 11.383
a57         		 10.7766
a58         		 10.1953
a59         		 9.64242
a60         		 9.11878
a61         		 8.63035
a62         		 8.18439
a63         		 7.79102
a64         		 7.46109
a65         		 7.20773
a66         		 7.04239
a67         		 6.98128
a68         		 7.05352
a69         		 7.30951
a70         		 7.80227
a71         		 8.62564
a72         		 9.9228
a73         		 11.9189
a74         		 14.9813
a75         		 0
lambda1     		 0
lambda2     		 0
lambda3     		 0
lambda4     		 0.000153459
lambda5     		 0.0433997
lambda6     		 0.0353914
lambda7     		 0.0301339
lambda8     		 0.0256636
lambda9     		 0.0225803
lambda10    		 0.0206024
lambda11    		 0.0173994
lambda12    		 0
lambda13    		 0
lambda14    		 0
lambda15    		 0
lambda16    		 0
lambda17    		 0
lambda18    		 0
lambda19    		 0
lambda20    		 0
lambda21    		 0
lambda22    		 0
lambda23    		 0
lambda24    		 0
lambda25    		 0
lambda26    		 0
lambda27    		 0
lambda28    		 0
lambda29    		 0
lambda30    		 0
lambda31    		 0
lambda32    		 0
lambda33    		 0
lambda34    		 0
lambda35    		 0
lambda36    		 0
lambda37    		 0
lambda38    		 0
lambda39    		 0
lambda40    		 0
lambda41    		 0
lambda42    		 0
lambda43    		 0
lambda44    		 0
lambda45    		 0
lambda46    		 0
lambda47    		 0
lambda48    		 0
lambda49    		 0
lambda50    		 0
lambda51    		 0
lambda52    		 0
lambda53    		 0
lambda54    		 0
lambda55    		 0
lambda56    		 0
lambda57    		 0
lambda58    		 0
lambda59    		 0
lambda60    		 0
lambda61    		 0
lambda62    		 0
lambda63    		 0
lambda64    		 0
lambda65    		 0
lambda66    		 0
lambda67    		 0
lambda68    		 0
lambda69    		 0
lambda70    		 0
lambda71    		 0
lambda72    		 0
lambda73    		 0
lambda74    		 0
pi1         		 0.44601
pi2         		 0.502957
pi3         		 0.552715
pi4         		 0.596368
pi5         		 0.635885
pi6         		 0.671705
pi7         		 0.704698
pi8         		 0.736531
pi9         		 0.765996
pi10        		 0.795173
pi11        		 0.824928
pi12        		 0.855337
pi13        		 0.883096
pi14        		 0.907519
pi15        		 0.924426
pi16        		 0.933261
pi17        		 0.937995
pi18        		 0.937907
pi19        		 0.936148
pi20        		 0.937304
pi21        		 0.941354
pi22        		 0.945512
pi23        		 0.951642
pi24        		 0.957399
pi25        		 0.95909
pi26        		 0.958972
pi27        		 0.955921
pi28        		 0.953716
pi29        		 0.951227
pi30        		 0.95094
pi31        		 0.945201
pi32        		 0.933546
pi33        		 0.910064
pi34        		 0.87767
pi35        		 0.834006
pi36        		 0.786665
pi37        		 0.734246
pi38        		 0.679913
pi39        		 0.622108
pi40        		 0.563439
pi41        		 0.502009
pi42        		 0.442696
x74         		 29.3186
q25         		 0.76073
w           		 1
rk          		 0.118061
r           		 0.0180607
price       		 0.749373
tau         		 0.340604
PI          		 38.1524
Y           		 152.228
N           		 71.1628
L           		 85.5416
C           		 104.278
K           		 241.69
gov_rev     		 34.9548
gov_deficit 		 0.00274981
gov_debt    		 0.755818
I           		 24.2962
A_adj       		 0.785112
IY          		 0.159604
LS          		 0.56193
BY          		 0.00579437
E           		 7.99934
d           		 0.332995
Total computing time : 0h00m01s
