Starting Dynare (version 6.0).
Calling Dynare with arguments: none
Starting preprocessing of the model file ... 
WARNING: A parameter was used with a lead or a lag in the model block 
Found 361 equation(s). 
Evaluating expressions... 
Computing static model derivatives (order 1). 
Normalizing the static model... 
Normalization failed with cutoff, trying symbolic normalization... 
Finding the optimal block decomposition of the static model... 
4 block(s) found: 
  3 recursive block(s) and 1 simultaneous block(s). 
  the largest simultaneous block has 276 equation(s) 
                                 and 276 feedback variable(s). 
Computing dynamic model derivatives (order 2). 
Normalizing the dynamic model... 
Normalization failed with cutoff, trying symbolic normalization... 
Finding the optimal block decomposition of the dynamic model... 
4 block(s) found: 
  3 recursive block(s) and 1 simultaneous block(s). 
  the largest simultaneous block has 276 equation(s) 
                                 and 149 feedback variable(s). 
Preprocessing completed. 
Preprocessing time: 0h00m01s.

STEADY-STATE RESULTS:

n1          		 0.426
n2          		 0.428947
n3          		 0.431896
n4          		 0.434838
n5          		 0.437782
n6          		 0.440727
n7          		 0.443673
n8          		 0.44662
n9          		 0.449558
n10         		 0.452491
n11         		 0.455424
n12         		 0.458346
n13         		 0.461268
n14         		 0.464173
n15         		 0.467071
n16         		 0.469947
n17         		 0.472814
n18         		 0.475658
n19         		 0.478477
n20         		 0.48125
n21         		 0.483962
n22         		 0.486594
n23         		 0.48914
n24         		 0.491597
n25         		 0.493947
n26         		 0.496156
n27         		 0.498215
n28         		 0.500098
n29         		 0.501796
n30         		 0.503283
n31         		 0.504537
n32         		 0.505542
n33         		 0.506297
n34         		 0.50679
n35         		 0.507021
n36         		 0.506967
n37         		 0.506628
n38         		 0.505961
n39         		 0.504959
n40         		 0.503603
n41         		 0.50189
n42         		 0.499861
n43         		 0.497449
n44         		 0.494632
n45         		 0.49134
n46         		 0.487464
n47         		 0.482948
n48         		 0.47767
n49         		 0.471645
n50         		 0.464748
n51         		 0.456928
n52         		 0.448157
n53         		 0.438395
n54         		 0.4276
n55         		 0.415703
n56         		 0.40254
n57         		 0.388083
n58         		 0.372263
n59         		 0.355133
n60         		 0.336602
n61         		 0.316606
n62         		 0.295085
n63         		 0.272106
n64         		 0.247851
n65         		 0.222769
n66         		 0.197366
n67         		 0.172054
n68         		 0.147156
n69         		 0.123407
n70         		 0.101273
n71         		 0.0811789
n72         		 0.0634526
n73         		 0.048269
n74         		 0.0356768
c1          		 7.33789
c2          		 7.31674
c3          		 7.29565
c4          		 7.27462
c5          		 7.76409
c6          		 8.2316
c7          		 8.68632
c8          		 9.12418
c9          		 9.55724
c10         		 10.0008
c11         		 10.3154
c12         		 10.2856
c13         		 10.256
c14         		 10.2264
c15         		 10.1969
c16         		 10.1675
c17         		 10.1382
c18         		 10.109
c19         		 10.0798
c20         		 10.0508
c21         		 10.0218
c22         		 9.99293
c23         		 9.96412
c24         		 9.9354
c25         		 9.90676
c26         		 9.8782
c27         		 9.84972
c28         		 9.82133
c29         		 9.79302
c30         		 9.76479
c31         		 9.73664
c32         		 9.70857
c33         		 9.68058
c34         		 9.65268
c35         		 9.62485
c36         		 9.59711
c37         		 9.56944
c38         		 9.54185
c39         		 9.51435
c40         		 9.48692
c41         		 9.45957
c42         		 9.4323
c43         		 9.40511
c44         		 9.378
c45         		 9.35097
c46         		 9.32401
c47         		 9.29713
c48         		 9.27033
c49         		 9.24361
c50         		 9.21696
c51         		 9.19039
c52         		 9.1639
c53         		 9.13748
c54         		 9.11114
c55         		 9.08488
c56         		 9.05869
c57         		 9.03257
c58         		 9.00653
c59         		 8.98057
c60         		 8.95468
c61         		 8.92887
c62         		 8.90313
c63         		 8.87747
c64         		 8.85187
c65         		 8.82636
c66         		 8.80091
c67         		 8.77554
c68         		 8.75024
c69         		 8.72502
c70         		 8.69987
c71         		 8.67479
c72         		 8.64978
c73         		 8.62485
c74         		 8.59999
a1          		 0
a2          		 -2.22942
a3          		 -3.78068
a4          		 -4.71275
a5          		 -5.07504
a6          		 -5.40648
a7          		 -5.72026
a8          		 -6.02947
a9          		 -6.32398
a10         		 -6.62066
a11         		 -6.92679
a12         		 -7.09954
a13         		 -6.77683
a14         		 -5.97487
a15         		 -4.72003
a16         		 -3.09365
a17         		 -1.18857
a18         		 0.950255
a19         		 3.26598
a20         		 5.74117
a21         		 8.41944
a22         		 11.3464
a23         		 14.5317
a24         		 18.0114
a25         		 26.5217
a26         		 30.658
a27         		 35.0362
a28         		 39.6238
a29         		 44.4429
a30         		 49.4993
a31         		 54.8372
a32         		 60.3907
a33         		 66.0833
a34         		 71.7446
a35         		 77.2411
a36         		 82.3948
a37         		 87.1391
a38         		 91.3783
a39         		 95.0686
a40         		 98.133
a41         		 100.533
a42         		 102.196
a43         		 103.112
a44         		 99.314
a45         		 95.5285
a46         		 91.7645
a47         		 88.0383
a48         		 84.3553
a49         		 80.7322
a50         		 77.1608
a51         		 73.6577
a52         		 70.2266
a53         		 66.8677
a54         		 63.5838
a55         		 60.3788
a56         		 57.2615
a57         		 54.2568
a58         		 51.3722
a59         		 48.6247
a60         		 46.0183
a61         		 43.5833
a62         		 41.3566
a63         		 39.3893
a64         		 37.7366
a65         		 36.4647
a66         		 35.6316
a67         		 35.3188
a68         		 35.6731
a69         		 36.9484
a70         		 39.4115
a71         		 43.5346
a72         		 50.0384
a73         		 60.0562
a74         		 75.4382
a75         		 0
lambda1     		 0
lambda2     		 0
lambda3     		 0
lambda4     		 0
lambda5     		 0.00799905
lambda6     		 0.00660986
lambda7     		 0.00562294
lambda8     		 0.00478396
lambda9     		 0.00420616
lambda10    		 0.00383666
lambda11    		 0.00252708
lambda12    		 0
lambda13    		 0
lambda14    		 0
lambda15    		 0
lambda16    		 0
lambda17    		 0
lambda18    		 0
lambda19    		 0
lambda20    		 0
lambda21    		 0
lambda22    		 0
lambda23    		 0
lambda24    		 0
lambda25    		 0
lambda26    		 0
lambda27    		 0
lambda28    		 0
lambda29    		 0
lambda30    		 0
lambda31    		 0
lambda32    		 0
lambda33    		 0
lambda34    		 0
lambda35    		 0
lambda36    		 0
lambda37    		 0
lambda38    		 0
lambda39    		 0
lambda40    		 0
lambda41    		 0
lambda42    		 0
lambda43    		 0
lambda44    		 0
lambda45    		 0
lambda46    		 0
lambda47    		 0
lambda48    		 0
lambda49    		 0
lambda50    		 0
lambda51    		 0
lambda52    		 0
lambda53    		 0
lambda54    		 0
lambda55    		 0
lambda56    		 0
lambda57    		 0
lambda58    		 0
lambda59    		 0
lambda60    		 0
lambda61    		 0
lambda62    		 0
lambda63    		 0
lambda64    		 0
lambda65    		 0
lambda66    		 0
lambda67    		 0
lambda68    		 0
lambda69    		 0
lambda70    		 0
lambda71    		 0
lambda72    		 0
lambda73    		 0
lambda74    		 0
pi1         		 2.20092
pi2         		 2.48193
pi3         		 2.72747
pi4         		 2.94289
pi5         		 3.13789
pi6         		 3.31465
pi7         		 3.47746
pi8         		 3.63454
pi9         		 3.77994
pi10        		 3.92392
pi11        		 4.07075
pi12        		 4.22081
pi13        		 4.3578
pi14        		 4.47831
pi15        		 4.56174
pi16        		 4.60534
pi17        		 4.6287
pi18        		 4.62827
pi19        		 4.61959
pi20        		 4.62529
pi21        		 4.64528
pi22        		 4.6658
pi23        		 4.69605
pi24        		 4.72445
pi25        		 4.7328
pi26        		 4.73222
pi27        		 4.71716
pi28        		 4.70628
pi29        		 4.694
pi30        		 4.69258
pi31        		 4.66426
pi32        		 4.60675
pi33        		 4.49087
pi34        		 4.33102
pi35        		 4.11555
pi36        		 3.88194
pi37        		 3.62327
pi38        		 3.35515
pi39        		 3.0699
pi40        		 2.78039
pi41        		 2.47725
pi42        		 2.18456
x74         		 147.571
q25         		 3.82903
w           		 4.87447
rk          		 0.118769
r           		 0.018769
price       		 0.749373
tau         		 0.344618
PI          		 80.2029
Y           		 320.01
N           		 30.3154
L           		 36.4407
C           		 217.659
K           		 523.516
gov_rev     		 73.4468
gov_deficit 		 0.00275109
gov_debt    		 0.733524
I           		 52.6271
IY          		 0.164455
LS          		 0.555075
BY          		 0.00591025
E           		 16.5097
d           		 0.330968
[Warning: The value of local variables may have been changed to match the globals.  Future versions of MATLAB will require that you declare a
variable to be global before you use that variable.] 
[> In <a href="matlab:matlab.internal.language.introspective.errorDocCallback('dynare_ss_2024.driver', 'D:\Programmer\Dynare\6.0\matlab\kode\Speciale\Min kode\Baseline_v2\+dynare_ss_2024\driver.m', 9112)" style="font-weight:bold">dynare_ss_2024.driver</a> (<a href="matlab: opentoline('D:\Programmer\Dynare\6.0\matlab\kode\Speciale\Min kode\Baseline_v2\+dynare_ss_2024\driver.m',9112,0)">line 9112</a>)
In <a href="matlab:matlab.internal.language.introspective.errorDocCallback('dynare', 'D:\Programmer\Dynare\6.0\matlab\dynare.m', 310)" style="font-weight:bold">dynare</a> (<a href="matlab: opentoline('D:\Programmer\Dynare\6.0\matlab\dynare.m',310,0)">line 310</a>)
In <a href="matlab:matlab.internal.language.introspective.errorDocCallback('Main', 'D:\Programmer\Dynare\6.0\matlab\kode\Speciale\Min kode\Baseline_v2\Main.m', 135)" style="font-weight:bold">Main</a> (<a href="matlab: opentoline('D:\Programmer\Dynare\6.0\matlab\kode\Speciale\Min kode\Baseline_v2\Main.m',135,0)">line 135</a>)] 
Total computing time : 0h00m01s
Note: 1 warning(s) encountered in the preprocessor
Note: warning(s) encountered in MATLAB/Octave code
